This file contains any messages produced by compilers while
running configure, to aid debugging if configure makes a mistake.

It was created by RomanNumeralCalculator configure 0.01, which was
generated by GNU Autoconf 2.69.  Invocation command line was

  $ ./configure 

## --------- ##
## Platform. ##
## --------- ##

hostname = DesktopServer
uname -m = x86_64
uname -r = 4.4.0-38-generic
uname -s = Linux
uname -v = #57-Ubuntu SMP Tue Sep 6 15:42:33 UTC 2016

/usr/bin/uname -p = unknown
/bin/uname -X     = unknown

/bin/arch              = unknown
/usr/bin/arch -k       = unknown
/usr/convex/getsysinfo = unknown
/usr/bin/hostinfo      = unknown
/bin/machine           = unknown
/usr/bin/oslevel       = unknown
/bin/universe          = unknown

PATH: /usr/local/sbin
PATH: /usr/local/bin
PATH: /usr/sbin
PATH: /usr/bin
PATH: /sbin
PATH: /bin
PATH: /usr/games
PATH: /usr/local/games
PATH: /snap/bin


## ----------- ##
## Core tests. ##
## ----------- ##

configure:2222: checking for gcc
configure:2238: found /usr/bin/gcc
configure:2249: result: gcc
configure:2478: checking for C compiler version
configure:2487: gcc --version >&5
gcc (Ubuntu 5.4.0-6ubuntu1~16.04.2) 5.4.0 20160609
Copyright (C) 2015 Free Software Foundation, Inc.
This is free software; see the source for copying conditions.  There is NO
warranty; not even for MERCHANTABILITY or FITNESS FOR A PARTICULAR PURPOSE.

configure:2498: $? = 0
configure:2487: gcc -v >&5
Using built-in specs.
COLLECT_GCC=gcc
COLLECT_LTO_WRAPPER=/usr/lib/gcc/x86_64-linux-gnu/5/lto-wrapper
Target: x86_64-linux-gnu
Configured with: ../src/configure -v --with-pkgversion='Ubuntu 5.4.0-6ubuntu1~16.04.2' --with-bugurl=file:///usr/share/doc/gcc-5/README.Bugs --enable-languages=c,ada,c++,java,go,d,fortran,objc,obj-c++ --prefix=/usr --program-suffix=-5 --enable-shared --enable-linker-build-id --libexecdir=/usr/lib --without-included-gettext --enable-threads=posix --libdir=/usr/lib --enable-nls --with-sysroot=/ --enable-clocale=gnu --enable-libstdcxx-debug --enable-libstdcxx-time=yes --with-default-libstdcxx-abi=new --enable-gnu-unique-object --disable-vtable-verify --enable-libmpx --enable-plugin --with-system-zlib --disable-browser-plugin --enable-java-awt=gtk --enable-gtk-cairo --with-java-home=/usr/lib/jvm/java-1.5.0-gcj-5-amd64/jre --enable-java-home --with-jvm-root-dir=/usr/lib/jvm/java-1.5.0-gcj-5-amd64 --with-jvm-jar-dir=/usr/lib/jvm-exports/java-1.5.0-gcj-5-amd64 --with-arch-directory=amd64 --with-ecj-jar=/usr/share/java/eclipse-ecj.jar --enable-objc-gc --enable-multiarch --disable-werror --with-arch-32=i686 --with-abi=m64 --with-multilib-list=m32,m64,mx32 --enable-multilib --with-tune=generic --enable-checking=release --build=x86_64-linux-gnu --host=x86_64-linux-gnu --target=x86_64-linux-gnu
Thread model: posix
gcc version 5.4.0 20160609 (Ubuntu 5.4.0-6ubuntu1~16.04.2) 
configure:2498: $? = 0
configure:2487: gcc -V >&5
gcc: error: unrecognized command line option '-V'
gcc: fatal error: no input files
compilation terminated.
configure:2498: $? = 1
configure:2487: gcc -qversion >&5
gcc: error: unrecognized command line option '-qversion'
gcc: fatal error: no input files
compilation terminated.
configure:2498: $? = 1
configure:2518: checking whether the C compiler works
configure:2540: gcc    conftest.c  >&5
configure:2544: $? = 0
configure:2592: result: yes
configure:2595: checking for C compiler default output file name
configure:2597: result: a.out
configure:2603: checking for suffix of executables
configure:2610: gcc -o conftest    conftest.c  >&5
configure:2614: $? = 0
configure:2636: result: 
configure:2658: checking whether we are cross compiling
configure:2666: gcc -o conftest    conftest.c  >&5
configure:2670: $? = 0
configure:2677: ./conftest
configure:2681: $? = 0
configure:2696: result: no
configure:2701: checking for suffix of object files
configure:2723: gcc -c   conftest.c >&5
configure:2727: $? = 0
configure:2748: result: o
configure:2752: checking whether we are using the GNU C compiler
configure:2771: gcc -c   conftest.c >&5
configure:2771: $? = 0
configure:2780: result: yes
configure:2789: checking whether gcc accepts -g
configure:2809: gcc -c -g  conftest.c >&5
configure:2809: $? = 0
configure:2850: result: yes
configure:2867: checking for gcc option to accept ISO C89
configure:2930: gcc  -c -g -O2  conftest.c >&5
configure:2930: $? = 0
configure:2943: result: none needed
configure:2968: checking whether gcc understands -c and -o together
configure:2990: gcc -c conftest.c -o conftest2.o
configure:2993: $? = 0
configure:2990: gcc -c conftest.c -o conftest2.o
configure:2993: $? = 0
configure:3005: result: yes
configure:3072: checking for ar
configure:3088: found /usr/bin/ar
configure:3099: result: ar
configure:3125: checking the archiver (ar) interface
configure:3141: gcc -c -g -O2  conftest.c >&5
configure:3141: $? = 0
configure:3143: ar cru libconftest.a conftest.o >&5
ar: `u' modifier ignored since `D' is the default (see `U')
configure:3146: $? = 0
configure:3174: result: ar
configure:3222: checking for a BSD-compatible install
configure:3290: result: /usr/bin/install -c
configure:3301: checking whether build environment is sane
configure:3356: result: yes
configure:3504: checking for a thread-safe mkdir -p
configure:3543: result: /bin/mkdir -p
configure:3550: checking for gawk
configure:3566: found /usr/bin/gawk
configure:3577: result: gawk
configure:3588: checking whether make sets $(MAKE)
configure:3610: result: yes
configure:3640: checking for style of include used by make
configure:3668: result: GNU
configure:3702: checking whether make supports nested variables
configure:3719: result: yes
configure:3804: checking dependency style of gcc
configure:3915: result: gcc3
configure:3981: checking how to run the C preprocessor
configure:4012: gcc -E  conftest.c
configure:4012: $? = 0
configure:4026: gcc -E  conftest.c
conftest.c:11:28: fatal error: ac_nonexistent.h: No such file or directory
compilation terminated.
configure:4026: $? = 1
configure: failed program was:
| /* confdefs.h */
| #define PACKAGE_NAME "RomanNumeralCalculator"
| #define PACKAGE_TARNAME "RomanNumeralCalculator"
| #define PACKAGE_VERSION "0.01"
| #define PACKAGE_STRING "RomanNumeralCalculator 0.01"
| #define PACKAGE_BUGREPORT "michellepyle@gmail.com"
| #define PACKAGE_URL ""
| #define PACKAGE "RomanNumeralCalculator"
| #define VERSION "0.01"
| /* end confdefs.h.  */
| #include <ac_nonexistent.h>
configure:4051: result: gcc -E
configure:4071: gcc -E  conftest.c
configure:4071: $? = 0
configure:4085: gcc -E  conftest.c
conftest.c:11:28: fatal error: ac_nonexistent.h: No such file or directory
compilation terminated.
configure:4085: $? = 1
configure: failed program was:
| /* confdefs.h */
| #define PACKAGE_NAME "RomanNumeralCalculator"
| #define PACKAGE_TARNAME "RomanNumeralCalculator"
| #define PACKAGE_VERSION "0.01"
| #define PACKAGE_STRING "RomanNumeralCalculator 0.01"
| #define PACKAGE_BUGREPORT "michellepyle@gmail.com"
| #define PACKAGE_URL ""
| #define PACKAGE "RomanNumeralCalculator"
| #define VERSION "0.01"
| /* end confdefs.h.  */
| #include <ac_nonexistent.h>
configure:4114: checking for grep that handles long lines and -e
configure:4172: result: /bin/grep
configure:4177: checking for egrep
configure:4239: result: /bin/grep -E
configure:4244: checking for ANSI C header files
configure:4264: gcc -c -g -O2  conftest.c >&5
configure:4264: $? = 0
configure:4337: gcc -o conftest -g -O2   conftest.c  >&5
configure:4337: $? = 0
configure:4337: ./conftest
configure:4337: $? = 0
configure:4348: result: yes
configure:4361: checking for sys/types.h
configure:4361: gcc -c -g -O2  conftest.c >&5
configure:4361: $? = 0
configure:4361: result: yes
configure:4361: checking for sys/stat.h
configure:4361: gcc -c -g -O2  conftest.c >&5
configure:4361: $? = 0
configure:4361: result: yes
configure:4361: checking for stdlib.h
configure:4361: gcc -c -g -O2  conftest.c >&5
configure:4361: $? = 0
configure:4361: result: yes
configure:4361: checking for string.h
configure:4361: gcc -c -g -O2  conftest.c >&5
configure:4361: $? = 0
configure:4361: result: yes
configure:4361: checking for memory.h
configure:4361: gcc -c -g -O2  conftest.c >&5
configure:4361: $? = 0
configure:4361: result: yes
configure:4361: checking for strings.h
configure:4361: gcc -c -g -O2  conftest.c >&5
configure:4361: $? = 0
configure:4361: result: yes
configure:4361: checking for inttypes.h
configure:4361: gcc -c -g -O2  conftest.c >&5
configure:4361: $? = 0
configure:4361: result: yes
configure:4361: checking for stdint.h
configure:4361: gcc -c -g -O2  conftest.c >&5
configure:4361: $? = 0
configure:4361: result: yes
configure:4361: checking for unistd.h
configure:4361: gcc -c -g -O2  conftest.c >&5
configure:4361: $? = 0
configure:4361: result: yes
configure:4374: WARNING: AM_PATH_CHECK() is deprecated
configure:4376: WARNING: use PKG_CHECK_MODULES([CHECK], [check >= 0.9.4]) instead
configure:4387: checking for check - version >= 0.8.2
configure:4464: gcc -c -g -O2   conftest.c >&5
conftest.c: In function 'main':
conftest.c:61:3: warning: ignoring return value of 'system', declared with attribute warn_unused_result [-Wunused-result]
   system ("touch conf.check-test");
   ^
configure:4464: $? = 0
configure:4475: result: yes
configure:4578: checking build system type
configure:4592: result: x86_64-pc-linux-gnu
configure:4612: checking host system type
configure:4625: result: x86_64-pc-linux-gnu
configure:4666: checking how to print strings
configure:4693: result: printf
configure:4714: checking for a sed that does not truncate output
configure:4778: result: /bin/sed
configure:4796: checking for fgrep
configure:4858: result: /bin/grep -F
configure:4893: checking for ld used by gcc
configure:4960: result: /usr/bin/ld
configure:4967: checking if the linker (/usr/bin/ld) is GNU ld
configure:4982: result: yes
configure:4994: checking for BSD- or MS-compatible name lister (nm)
configure:5048: result: /usr/bin/nm -B
configure:5178: checking the name lister (/usr/bin/nm -B) interface
configure:5185: gcc -c -g -O2  conftest.c >&5
configure:5188: /usr/bin/nm -B "conftest.o"
configure:5191: output
0000000000000000 B some_variable
configure:5198: result: BSD nm
configure:5201: checking whether ln -s works
configure:5205: result: yes
configure:5213: checking the maximum length of command line arguments
configure:5344: result: 1572864
configure:5392: checking how to convert x86_64-pc-linux-gnu file names to x86_64-pc-linux-gnu format
configure:5432: result: func_convert_file_noop
configure:5439: checking how to convert x86_64-pc-linux-gnu file names to toolchain format
configure:5459: result: func_convert_file_noop
configure:5466: checking for /usr/bin/ld option to reload object files
configure:5473: result: -r
configure:5547: checking for objdump
configure:5563: found /usr/bin/objdump
configure:5574: result: objdump
configure:5606: checking how to recognize dependent libraries
configure:5806: result: pass_all
configure:5891: checking for dlltool
configure:5921: result: no
configure:5951: checking how to associate runtime and link libraries
configure:5978: result: printf %s\n
configure:6102: checking for archiver @FILE support
configure:6119: gcc -c -g -O2  conftest.c >&5
configure:6119: $? = 0
configure:6122: ar cru libconftest.a @conftest.lst >&5
ar: `u' modifier ignored since `D' is the default (see `U')
configure:6125: $? = 0
configure:6130: ar cru libconftest.a @conftest.lst >&5
ar: `u' modifier ignored since `D' is the default (see `U')
ar: conftest.o: No such file or directory
configure:6133: $? = 1
configure:6145: result: @
configure:6203: checking for strip
configure:6219: found /usr/bin/strip
configure:6230: result: strip
configure:6302: checking for ranlib
configure:6318: found /usr/bin/ranlib
configure:6329: result: ranlib
configure:6431: checking command to parse /usr/bin/nm -B output from gcc object
configure:6584: gcc -c -g -O2  conftest.c >&5
configure:6587: $? = 0
configure:6591: /usr/bin/nm -B conftest.o \| sed -n -e 's/^.*[ ]\([ABCDGIRSTW][ABCDGIRSTW]*\)[ ][ ]*\([_A-Za-z][_A-Za-z0-9]*\)$/\1 \2 \2/p' | sed '/ __gnu_lto/d' \> conftest.nm
configure:6594: $? = 0
configure:6660: gcc -o conftest -g -O2   conftest.c conftstm.o >&5
configure:6663: $? = 0
configure:6701: result: ok
configure:6748: checking for sysroot
configure:6778: result: no
configure:6785: checking for a working dd
configure:6823: result: /bin/dd
configure:6827: checking how to truncate binary pipes
configure:6842: result: /bin/dd bs=4096 count=1
configure:6978: gcc -c -g -O2  conftest.c >&5
configure:6981: $? = 0
configure:7171: checking for mt
configure:7187: found /bin/mt
configure:7198: result: mt
configure:7221: checking if mt is a manifest tool
configure:7227: mt '-?'
configure:7235: result: no
configure:7909: checking for dlfcn.h
configure:7909: gcc -c -g -O2  conftest.c >&5
configure:7909: $? = 0
configure:7909: result: yes
configure:8165: checking for objdir
configure:8180: result: .libs
configure:8444: checking if gcc supports -fno-rtti -fno-exceptions
configure:8462: gcc -c -g -O2  -fno-rtti -fno-exceptions conftest.c >&5
cc1: warning: command line option '-fno-rtti' is valid for C++/ObjC++ but not for C
configure:8466: $? = 0
configure:8479: result: no
configure:8837: checking for gcc option to produce PIC
configure:8844: result: -fPIC -DPIC
configure:8852: checking if gcc PIC flag -fPIC -DPIC works
configure:8870: gcc -c -g -O2  -fPIC -DPIC -DPIC conftest.c >&5
configure:8874: $? = 0
configure:8887: result: yes
configure:8916: checking if gcc static flag -static works
configure:8944: result: yes
configure:8959: checking if gcc supports -c -o file.o
configure:8980: gcc -c -g -O2  -o out/conftest2.o conftest.c >&5
configure:8984: $? = 0
configure:9006: result: yes
configure:9014: checking if gcc supports -c -o file.o
configure:9061: result: yes
configure:9094: checking whether the gcc linker (/usr/bin/ld -m elf_x86_64) supports shared libraries
configure:10357: result: yes
configure:10394: checking whether -lc should be explicitly linked in
configure:10402: gcc -c -g -O2  conftest.c >&5
configure:10405: $? = 0
configure:10420: gcc -shared  -fPIC -DPIC conftest.o  -v -Wl,-soname -Wl,conftest -o conftest 2\>\&1 \| /bin/grep  -lc  \>/dev/null 2\>\&1
configure:10423: $? = 0
configure:10437: result: no
configure:10597: checking dynamic linker characteristics
configure:11178: gcc -o conftest -g -O2   -Wl,-rpath -Wl,/foo conftest.c  >&5
configure:11178: $? = 0
configure:11427: result: GNU/Linux ld.so
configure:11549: checking how to hardcode library paths into programs
configure:11574: result: immediate
configure:12122: checking whether stripping libraries is possible
configure:12127: result: yes
configure:12162: checking if libtool supports shared libraries
configure:12164: result: yes
configure:12167: checking whether to build shared libraries
configure:12192: result: yes
configure:12195: checking whether to build static libraries
configure:12199: result: yes
configure:12238: checking for floor in -lm
configure:12263: gcc -o conftest -g -O2   conftest.c -lm   >&5
conftest.c:30:6: warning: conflicting types for built-in function 'floor'
 char floor ();
      ^
configure:12263: $? = 0
configure:12272: result: yes
configure:12283: checking for setitimer in -lrt
configure:12308: gcc -o conftest -g -O2   conftest.c -lrt  -lm  >&5
configure:12308: $? = 0
configure:12317: result: yes
configure:12328: checking for pthread_create in -lpthread
configure:12353: gcc -o conftest -g -O2   conftest.c -lpthread  -lrt -lm  >&5
configure:12353: $? = 0
configure:12362: result: yes
configure:12373: checking for subunit_test_error in -lsubunit
configure:12398: gcc -o conftest -g -O2   conftest.c -lsubunit  -lpthread -lrt -lm  >&5
configure:12398: $? = 0
configure:12407: result: yes
configure:12468: checking for gcc
configure:12495: result: gcc
configure:12724: checking for C compiler version
configure:12733: gcc --version >&5
gcc (Ubuntu 5.4.0-6ubuntu1~16.04.2) 5.4.0 20160609
Copyright (C) 2015 Free Software Foundation, Inc.
This is free software; see the source for copying conditions.  There is NO
warranty; not even for MERCHANTABILITY or FITNESS FOR A PARTICULAR PURPOSE.

configure:12744: $? = 0
configure:12733: gcc -v >&5
Using built-in specs.
COLLECT_GCC=gcc
COLLECT_LTO_WRAPPER=/usr/lib/gcc/x86_64-linux-gnu/5/lto-wrapper
Target: x86_64-linux-gnu
Configured with: ../src/configure -v --with-pkgversion='Ubuntu 5.4.0-6ubuntu1~16.04.2' --with-bugurl=file:///usr/share/doc/gcc-5/README.Bugs --enable-languages=c,ada,c++,java,go,d,fortran,objc,obj-c++ --prefix=/usr --program-suffix=-5 --enable-shared --enable-linker-build-id --libexecdir=/usr/lib --without-included-gettext --enable-threads=posix --libdir=/usr/lib --enable-nls --with-sysroot=/ --enable-clocale=gnu --enable-libstdcxx-debug --enable-libstdcxx-time=yes --with-default-libstdcxx-abi=new --enable-gnu-unique-object --disable-vtable-verify --enable-libmpx --enable-plugin --with-system-zlib --disable-browser-plugin --enable-java-awt=gtk --enable-gtk-cairo --with-java-home=/usr/lib/jvm/java-1.5.0-gcj-5-amd64/jre --enable-java-home --with-jvm-root-dir=/usr/lib/jvm/java-1.5.0-gcj-5-amd64 --with-jvm-jar-dir=/usr/lib/jvm-exports/java-1.5.0-gcj-5-amd64 --with-arch-directory=amd64 --with-ecj-jar=/usr/share/java/eclipse-ecj.jar --enable-objc-gc --enable-multiarch --disable-werror --with-arch-32=i686 --with-abi=m64 --with-multilib-list=m32,m64,mx32 --enable-multilib --with-tune=generic --enable-checking=release --build=x86_64-linux-gnu --host=x86_64-linux-gnu --target=x86_64-linux-gnu
Thread model: posix
gcc version 5.4.0 20160609 (Ubuntu 5.4.0-6ubuntu1~16.04.2) 
configure:12744: $? = 0
configure:12733: gcc -V >&5
gcc: error: unrecognized command line option '-V'
gcc: fatal error: no input files
compilation terminated.
configure:12744: $? = 1
configure:12733: gcc -qversion >&5
gcc: error: unrecognized command line option '-qversion'
gcc: fatal error: no input files
compilation terminated.
configure:12744: $? = 1
configure:12748: checking whether we are using the GNU C compiler
configure:12776: result: yes
configure:12785: checking whether gcc accepts -g
configure:12846: result: yes
configure:12863: checking for gcc option to accept ISO C89
configure:12939: result: none needed
configure:12964: checking whether gcc understands -c and -o together
configure:13001: result: yes
configure:13129: checking that generated files are newer than configure
configure:13135: result: done
configure:13162: creating ./config.status

## ---------------------- ##
## Running config.status. ##
## ---------------------- ##

This file was extended by RomanNumeralCalculator config.status 0.01, which was
generated by GNU Autoconf 2.69.  Invocation command line was

  CONFIG_FILES    = 
  CONFIG_HEADERS  = 
  CONFIG_LINKS    = 
  CONFIG_COMMANDS = 
  $ ./config.status 

on DesktopServer

config.status:1092: creating Makefile
config.status:1092: creating config.h
config.status:1321: executing depfiles commands
config.status:1321: executing libtool commands

## ---------------- ##
## Cache variables. ##
## ---------------- ##

ac_cv_build=x86_64-pc-linux-gnu
ac_cv_c_compiler_gnu=yes
ac_cv_env_CC_set=
ac_cv_env_CC_value=
ac_cv_env_CFLAGS_set=
ac_cv_env_CFLAGS_value=
ac_cv_env_CPPFLAGS_set=
ac_cv_env_CPPFLAGS_value=
ac_cv_env_CPP_set=
ac_cv_env_CPP_value=
ac_cv_env_LDFLAGS_set=
ac_cv_env_LDFLAGS_value=
ac_cv_env_LIBS_set=
ac_cv_env_LIBS_value=
ac_cv_env_LT_SYS_LIBRARY_PATH_set=
ac_cv_env_LT_SYS_LIBRARY_PATH_value=
ac_cv_env_build_alias_set=
ac_cv_env_build_alias_value=
ac_cv_env_host_alias_set=
ac_cv_env_host_alias_value=
ac_cv_env_target_alias_set=
ac_cv_env_target_alias_value=
ac_cv_header_dlfcn_h=yes
ac_cv_header_inttypes_h=yes
ac_cv_header_memory_h=yes
ac_cv_header_stdc=yes
ac_cv_header_stdint_h=yes
ac_cv_header_stdlib_h=yes
ac_cv_header_string_h=yes
ac_cv_header_strings_h=yes
ac_cv_header_sys_stat_h=yes
ac_cv_header_sys_types_h=yes
ac_cv_header_unistd_h=yes
ac_cv_host=x86_64-pc-linux-gnu
ac_cv_lib_m_floor=yes
ac_cv_lib_pthread_pthread_create=yes
ac_cv_lib_rt_setitimer=yes
ac_cv_lib_subunit_subunit_test_error=yes
ac_cv_objext=o
ac_cv_path_EGREP='/bin/grep -E'
ac_cv_path_FGREP='/bin/grep -F'
ac_cv_path_GREP=/bin/grep
ac_cv_path_SED=/bin/sed
ac_cv_path_install='/usr/bin/install -c'
ac_cv_path_lt_DD=/bin/dd
ac_cv_path_mkdir=/bin/mkdir
ac_cv_prog_AWK=gawk
ac_cv_prog_CPP='gcc -E'
ac_cv_prog_ac_ct_AR=ar
ac_cv_prog_ac_ct_CC=gcc
ac_cv_prog_ac_ct_MANIFEST_TOOL=mt
ac_cv_prog_ac_ct_OBJDUMP=objdump
ac_cv_prog_ac_ct_RANLIB=ranlib
ac_cv_prog_ac_ct_STRIP=strip
ac_cv_prog_cc_c89=
ac_cv_prog_cc_g=yes
ac_cv_prog_make_make_set=yes
am_cv_CC_dependencies_compiler_type=gcc3
am_cv_ar_interface=ar
am_cv_make_support_nested_variables=yes
am_cv_prog_cc_c_o=yes
lt_cv_ar_at_file=@
lt_cv_archive_cmds_need_lc=no
lt_cv_deplibs_check_method=pass_all
lt_cv_file_magic_cmd='$MAGIC_CMD'
lt_cv_file_magic_test_file=
lt_cv_ld_reload_flag=-r
lt_cv_nm_interface='BSD nm'
lt_cv_objdir=.libs
lt_cv_path_LD=/usr/bin/ld
lt_cv_path_NM='/usr/bin/nm -B'
lt_cv_path_mainfest_tool=no
lt_cv_prog_compiler_c_o=yes
lt_cv_prog_compiler_pic='-fPIC -DPIC'
lt_cv_prog_compiler_pic_works=yes
lt_cv_prog_compiler_rtti_exceptions=no
lt_cv_prog_compiler_static_works=yes
lt_cv_prog_gnu_ld=yes
lt_cv_sharedlib_from_linklib_cmd='printf %s\n'
lt_cv_shlibpath_overrides_runpath=no
lt_cv_sys_global_symbol_pipe='sed -n -e '\''s/^.*[	 ]\([ABCDGIRSTW][ABCDGIRSTW]*\)[	 ][	 ]*\([_A-Za-z][_A-Za-z0-9]*\)$/\1 \2 \2/p'\'' | sed '\''/ __gnu_lto/d'\'''
lt_cv_sys_global_symbol_to_c_name_address='sed -n -e '\''s/^: \(.*\) .*$/  {"\1", (void *) 0},/p'\'' -e '\''s/^[ABCDGIRSTW][ABCDGIRSTW]* .* \(.*\)$/  {"\1", (void *) \&\1},/p'\'''
lt_cv_sys_global_symbol_to_c_name_address_lib_prefix='sed -n -e '\''s/^: \(.*\) .*$/  {"\1", (void *) 0},/p'\'' -e '\''s/^[ABCDGIRSTW][ABCDGIRSTW]* .* \(lib.*\)$/  {"\1", (void *) \&\1},/p'\'' -e '\''s/^[ABCDGIRSTW][ABCDGIRSTW]* .* \(.*\)$/  {"lib\1", (void *) \&\1},/p'\'''
lt_cv_sys_global_symbol_to_cdecl='sed -n -e '\''s/^T .* \(.*\)$/extern int \1();/p'\'' -e '\''s/^[ABCDGIRSTW][ABCDGIRSTW]* .* \(.*\)$/extern char \1;/p'\'''
lt_cv_sys_global_symbol_to_import=
lt_cv_sys_max_cmd_len=1572864
lt_cv_to_host_file_cmd=func_convert_file_noop
lt_cv_to_tool_file_cmd=func_convert_file_noop
lt_cv_truncate_bin='/bin/dd bs=4096 count=1'

## ----------------- ##
## Output variables. ##
## ----------------- ##

ACLOCAL='${SHELL} /home/ray/RomanNumeralCalculator/missing aclocal-1.15'
AMDEPBACKSLASH='\'
AMDEP_FALSE='#'
AMDEP_TRUE=''
AMTAR='$${TAR-tar}'
AM_BACKSLASH='\'
AM_DEFAULT_V='$(AM_DEFAULT_VERBOSITY)'
AM_DEFAULT_VERBOSITY='1'
AM_V='$(V)'
AR='ar'
AUTOCONF='${SHELL} /home/ray/RomanNumeralCalculator/missing autoconf'
AUTOHEADER='${SHELL} /home/ray/RomanNumeralCalculator/missing autoheader'
AUTOMAKE='${SHELL} /home/ray/RomanNumeralCalculator/missing automake-1.15'
AWK='gawk'
CC='gcc'
CCDEPMODE='depmode=gcc3'
CFLAGS='-g -O2'
CHECK_CFLAGS=''
CHECK_LIBS='-lcheck'
CPP='gcc -E'
CPPFLAGS=''
CYGPATH_W='echo'
DEFS='-DHAVE_CONFIG_H'
DEPDIR='.deps'
DLLTOOL='false'
DSYMUTIL=''
DUMPBIN=''
ECHO_C=''
ECHO_N='-n'
ECHO_T=''
EGREP='/bin/grep -E'
EXEEXT=''
FGREP='/bin/grep -F'
GREP='/bin/grep'
HAVE_CHECK_FALSE='#'
HAVE_CHECK_TRUE=''
INSTALL_DATA='${INSTALL} -m 644'
INSTALL_PROGRAM='${INSTALL}'
INSTALL_SCRIPT='${INSTALL}'
INSTALL_STRIP_PROGRAM='$(install_sh) -c -s'
LD='/usr/bin/ld -m elf_x86_64'
LDFLAGS=''
LIBOBJS=''
LIBS='-lsubunit -lpthread -lrt -lm '
LIBTOOL='$(SHELL) $(top_builddir)/libtool'
LIPO=''
LN_S='ln -s'
LTLIBOBJS=''
LT_SYS_LIBRARY_PATH=''
MAKEINFO='${SHELL} /home/ray/RomanNumeralCalculator/missing makeinfo'
MANIFEST_TOOL=':'
MKDIR_P='/bin/mkdir -p'
NM='/usr/bin/nm -B'
NMEDIT=''
OBJDUMP='objdump'
OBJEXT='o'
OTOOL64=''
OTOOL=''
PACKAGE='RomanNumeralCalculator'
PACKAGE_BUGREPORT='michellepyle@gmail.com'
PACKAGE_NAME='RomanNumeralCalculator'
PACKAGE_STRING='RomanNumeralCalculator 0.01'
PACKAGE_TARNAME='RomanNumeralCalculator'
PACKAGE_URL=''
PACKAGE_VERSION='0.01'
PATH_SEPARATOR=':'
RANLIB='ranlib'
SED='/bin/sed'
SET_MAKE=''
SHELL='/bin/bash'
STRIP='strip'
VERSION='0.01'
ac_ct_AR='ar'
ac_ct_CC='gcc'
ac_ct_DUMPBIN=''
am__EXEEXT_FALSE=''
am__EXEEXT_TRUE='#'
am__fastdepCC_FALSE='#'
am__fastdepCC_TRUE=''
am__include='include'
am__isrc=''
am__leading_dot='.'
am__nodep='_no'
am__quote=''
am__tar='$${TAR-tar} chof - "$$tardir"'
am__untar='$${TAR-tar} xf -'
bindir='${exec_prefix}/bin'
build='x86_64-pc-linux-gnu'
build_alias=''
build_cpu='x86_64'
build_os='linux-gnu'
build_vendor='pc'
datadir='${datarootdir}'
datarootdir='${prefix}/share'
docdir='${datarootdir}/doc/${PACKAGE_TARNAME}'
dvidir='${docdir}'
exec_prefix='${prefix}'
host='x86_64-pc-linux-gnu'
host_alias=''
host_cpu='x86_64'
host_os='linux-gnu'
host_vendor='pc'
htmldir='${docdir}'
includedir='${prefix}/include'
infodir='${datarootdir}/info'
install_sh='${SHELL} /home/ray/RomanNumeralCalculator/install-sh'
libdir='${exec_prefix}/lib'
libexecdir='${exec_prefix}/libexec'
localedir='${datarootdir}/locale'
localstatedir='${prefix}/var'
mandir='${datarootdir}/man'
mkdir_p='$(MKDIR_P)'
oldincludedir='/usr/include'
pdfdir='${docdir}'
prefix='/usr/local'
program_transform_name='s,x,x,'
psdir='${docdir}'
runstatedir='${localstatedir}/run'
sbindir='${exec_prefix}/sbin'
sharedstatedir='${prefix}/com'
sysconfdir='${prefix}/etc'
target_alias=''

## ----------- ##
## confdefs.h. ##
## ----------- ##

/* confdefs.h */
#define PACKAGE_NAME "RomanNumeralCalculator"
#define PACKAGE_TARNAME "RomanNumeralCalculator"
#define PACKAGE_VERSION "0.01"
#define PACKAGE_STRING "RomanNumeralCalculator 0.01"
#define PACKAGE_BUGREPORT "michellepyle@gmail.com"
#define PACKAGE_URL ""
#define PACKAGE "RomanNumeralCalculator"
#define VERSION "0.01"
#define STDC_HEADERS 1
#define HAVE_SYS_TYPES_H 1
#define HAVE_SYS_STAT_H 1
#define HAVE_STDLIB_H 1
#define HAVE_STRING_H 1
#define HAVE_MEMORY_H 1
#define HAVE_STRINGS_H 1
#define HAVE_INTTYPES_H 1
#define HAVE_STDINT_H 1
#define HAVE_UNISTD_H 1
#define HAVE_DLFCN_H 1
#define LT_OBJDIR ".libs/"
#define HAVE_LIBM 1
#define HAVE_LIBRT 1
#define HAVE_LIBPTHREAD 1
#define HAVE_LIBSUBUNIT 1

configure: exit 0
